2024-03-29 14:10:18.153  INFO 3988 --- [main] com.example.Application                  : Starting Application on PC-202307121658 with PID 3988 (D:\Company\Hammer\New\competition\sprdxsjszhglxthsg4193WECE\target\classes started by Administrator in D:\Company\Hammer\New\competition\sprdxsjszhglxthsg4193WECE)
2024-03-29 14:10:18.155  INFO 3988 --- [main] com.example.Application                  : No active profile set, falling back to default profiles: default
2024-03-29 14:10:18.431  WARN 3988 --- [main] o.m.s.mapper.ClassPathMapperScanner      : No MyBatis mapper was found in '[com.example]' package. Please check your configuration.
2024-03-29 14:10:18.697  INFO 3988 --- [main] o.s.b.w.embedded.tomcat.TomcatWebServer  : Tomcat initialized with port(s): 8888 (http)
2024-03-29 14:10:18.705  INFO 3988 --- [main] o.apache.catalina.core.StandardService   : Starting service [Tomcat]
2024-03-29 14:10:18.705  INFO 3988 --- [main] org.apache.catalina.core.StandardEngine  : Starting Servlet Engine: Apache Tomcat/9.0.12
2024-03-29 14:10:18.708  INFO 3988 --- [main] o.a.catalina.core.AprLifecycleListener   : The APR based Apache Tomcat Native library which allows optimal performance in production environments was not found on the java.library.path: [C:\Program Files\Java\jdk1.8.0_181\bin;C:\Windows\Sun\Java\bin;C:\Windows\system32;C:\Windows;C:\Program Files (x86)\Common Files\Oracle\Java\javapath;C:\Windows\system32;C:\Windows;C:\Windows\System32\Wbem;C:\Windows\System32\WindowsPowerShell\v1.0\;C:\Windows\System32\OpenSSH\;D:\Environment\nodejs\;D:\Environment\Python\Scripts;E:\Git\Git\cmd;E:\Git\bin;E:\wechat_devtools\微信web开发者工具\dll;D:\Environment\Python\Scripts\;D:\Environment\Python\;C:\Users\Administrator\AppData\Local\Microsoft\WindowsApps;;E:\Idea\IntelliJ IDEA 2023.1.4\bin;;C:\Users\Administrator\AppData\Roaming\npm;.]
2024-03-29 14:10:18.748  INFO 3988 --- [main] o.a.c.c.C.[Tomcat].[localhost].[/]       : Initializing Spring embedded WebApplicationContext
2024-03-29 14:10:18.748  INFO 3988 --- [main] o.s.web.context.ContextLoader            : Root WebApplicationContext: initialization completed in 574 ms
2024-03-29 14:10:18.761  INFO 3988 --- [main] o.s.b.w.servlet.ServletRegistrationBean  : Servlet dispatcherServlet mapped to [/]
2024-03-29 14:10:18.763  INFO 3988 --- [main] o.s.b.w.servlet.FilterRegistrationBean   : Mapping filter: 'characterEncodingFilter' to: [/*]
2024-03-29 14:10:18.763  INFO 3988 --- [main] o.s.b.w.servlet.FilterRegistrationBean   : Mapping filter: 'hiddenHttpMethodFilter' to: [/*]
2024-03-29 14:10:18.763  INFO 3988 --- [main] o.s.b.w.servlet.FilterRegistrationBean   : Mapping filter: 'formContentFilter' to: [/*]
2024-03-29 14:10:18.763  INFO 3988 --- [main] o.s.b.w.servlet.FilterRegistrationBean   : Mapping filter: 'requestContextFilter' to: [/*]
2024-03-29 14:10:19.301  INFO 3988 --- [main] o.s.s.concurrent.ThreadPoolTaskExecutor  : Initializing ExecutorService 'applicationTaskExecutor'
2024-03-29 14:10:19.436  INFO 3988 --- [main] o.s.b.w.embedded.tomcat.TomcatWebServer  : Tomcat started on port(s): 8888 (http) with context path ''
2024-03-29 14:10:19.437  INFO 3988 --- [main] com.example.Application                  : Started Application in 1.458 seconds (JVM running for 1.78)
2024-03-29 14:10:30.122  INFO 3988 --- [http-nio-8888-exec-1] o.a.c.c.C.[Tomcat].[localhost].[/]       : Initializing Spring DispatcherServlet 'dispatcherServlet'
2024-03-29 14:10:30.122  INFO 3988 --- [http-nio-8888-exec-1] o.s.web.servlet.DispatcherServlet        : Initializing Servlet 'dispatcherServlet'
2024-03-29 14:10:30.125  INFO 3988 --- [http-nio-8888-exec-1] o.s.web.servlet.DispatcherServlet        : Completed initialization in 3 ms
2024-03-29 14:11:41.686  INFO 3988 --- [http-nio-8888-exec-5] com.zaxxer.hikari.HikariDataSource       : HikariPool-1 - Starting...
2024-03-29 14:11:41.775  INFO 3988 --- [http-nio-8888-exec-5] com.zaxxer.hikari.HikariDataSource       : HikariPool-1 - Start completed.
2024-03-29 14:16:40.428  WARN 3988 --- [http-nio-8888-exec-9] com.zaxxer.hikari.pool.PoolBase          : HikariPool-1 - Failed to validate connection com.mysql.cj.jdbc.ConnectionImpl@73275f09 (No operations allowed after connection closed.). Possibly consider using a shorter maxLifetime value.
2024-03-29 14:16:40.434  WARN 3988 --- [http-nio-8888-exec-9] com.zaxxer.hikari.pool.PoolBase          : HikariPool-1 - Failed to validate connection com.mysql.cj.jdbc.ConnectionImpl@142dc7a (No operations allowed after connection closed.). Possibly consider using a shorter maxLifetime value.
2024-03-29 14:16:40.439  WARN 3988 --- [http-nio-8888-exec-9] com.zaxxer.hikari.pool.PoolBase          : HikariPool-1 - Failed to validate connection com.mysql.cj.jdbc.ConnectionImpl@4854144c (No operations allowed after connection closed.). Possibly consider using a shorter maxLifetime value.
2024-03-29 14:16:40.440  WARN 3988 --- [http-nio-8888-exec-9] com.zaxxer.hikari.pool.PoolBase          : HikariPool-1 - Failed to validate connection com.mysql.cj.jdbc.ConnectionImpl@5aae521 (No operations allowed after connection closed.). Possibly consider using a shorter maxLifetime value.
2024-03-29 14:16:40.441  WARN 3988 --- [http-nio-8888-exec-9] com.zaxxer.hikari.pool.PoolBase          : HikariPool-1 - Failed to validate connection com.mysql.cj.jdbc.ConnectionImpl@3d255198 (No operations allowed after connection closed.). Possibly consider using a shorter maxLifetime value.
2024-03-29 14:16:40.442  WARN 3988 --- [http-nio-8888-exec-9] com.zaxxer.hikari.pool.PoolBase          : HikariPool-1 - Failed to validate connection com.mysql.cj.jdbc.ConnectionImpl@2a93eb4a (No operations allowed after connection closed.). Possibly consider using a shorter maxLifetime value.
2024-03-29 14:16:40.445  WARN 3988 --- [http-nio-8888-exec-9] com.zaxxer.hikari.pool.PoolBase          : HikariPool-1 - Failed to validate connection com.mysql.cj.jdbc.ConnectionImpl@420d7c20 (No operations allowed after connection closed.). Possibly consider using a shorter maxLifetime value.
2024-03-29 14:16:40.446  WARN 3988 --- [http-nio-8888-exec-9] com.zaxxer.hikari.pool.PoolBase          : HikariPool-1 - Failed to validate connection com.mysql.cj.jdbc.ConnectionImpl@10dc0aad (No operations allowed after connection closed.). Possibly consider using a shorter maxLifetime value.
2024-03-29 14:16:40.447  WARN 3988 --- [http-nio-8888-exec-9] com.zaxxer.hikari.pool.PoolBase          : HikariPool-1 - Failed to validate connection com.mysql.cj.jdbc.ConnectionImpl@7e220bf (No operations allowed after connection closed.). Possibly consider using a shorter maxLifetime value.
2024-03-29 14:16:40.455  WARN 3988 --- [http-nio-8888-exec-9] com.zaxxer.hikari.pool.PoolBase          : HikariPool-1 - Failed to validate connection com.mysql.cj.jdbc.ConnectionImpl@321e52b2 (No operations allowed after connection closed.). Possibly consider using a shorter maxLifetime value.
2024-03-29 14:20:50.203  WARN 3988 --- [http-nio-8888-exec-7] com.zaxxer.hikari.pool.PoolBase          : HikariPool-1 - Failed to validate connection com.mysql.cj.jdbc.ConnectionImpl@754ac45f (No operations allowed after connection closed.). Possibly consider using a shorter maxLifetime value.
2024-03-29 14:20:50.204  WARN 3988 --- [http-nio-8888-exec-7] com.zaxxer.hikari.pool.PoolBase          : HikariPool-1 - Failed to validate connection com.mysql.cj.jdbc.ConnectionImpl@246b5cfe (No operations allowed after connection closed.). Possibly consider using a shorter maxLifetime value.
2024-03-29 14:20:50.205  WARN 3988 --- [http-nio-8888-exec-7] com.zaxxer.hikari.pool.PoolBase          : HikariPool-1 - Failed to validate connection com.mysql.cj.jdbc.ConnectionImpl@21255c36 (No operations allowed after connection closed.). Possibly consider using a shorter maxLifetime value.
2024-03-29 14:20:50.205  WARN 3988 --- [http-nio-8888-exec-7] com.zaxxer.hikari.pool.PoolBase          : HikariPool-1 - Failed to validate connection com.mysql.cj.jdbc.ConnectionImpl@2ee0c71 (No operations allowed after connection closed.). Possibly consider using a shorter maxLifetime value.
2024-03-29 14:20:50.206  WARN 3988 --- [http-nio-8888-exec-7] com.zaxxer.hikari.pool.PoolBase          : HikariPool-1 - Failed to validate connection com.mysql.cj.jdbc.ConnectionImpl@5e57bfa4 (No operations allowed after connection closed.). Possibly consider using a shorter maxLifetime value.
2024-03-29 14:20:50.209  WARN 3988 --- [http-nio-8888-exec-7] com.zaxxer.hikari.pool.PoolBase          : HikariPool-1 - Failed to validate connection com.mysql.cj.jdbc.ConnectionImpl@5995a46a (No operations allowed after connection closed.). Possibly consider using a shorter maxLifetime value.
2024-03-29 14:20:50.210  WARN 3988 --- [http-nio-8888-exec-7] com.zaxxer.hikari.pool.PoolBase          : HikariPool-1 - Failed to validate connection com.mysql.cj.jdbc.ConnectionImpl@3a5c8a63 (No operations allowed after connection closed.). Possibly consider using a shorter maxLifetime value.
2024-03-29 14:20:50.211  WARN 3988 --- [http-nio-8888-exec-7] com.zaxxer.hikari.pool.PoolBase          : HikariPool-1 - Failed to validate connection com.mysql.cj.jdbc.ConnectionImpl@3654fd70 (No operations allowed after connection closed.). Possibly consider using a shorter maxLifetime value.
2024-03-29 14:20:50.212  WARN 3988 --- [http-nio-8888-exec-7] com.zaxxer.hikari.pool.PoolBase          : HikariPool-1 - Failed to validate connection com.mysql.cj.jdbc.ConnectionImpl@4887fee0 (No operations allowed after connection closed.). Possibly consider using a shorter maxLifetime value.
2024-03-29 14:20:50.215  WARN 3988 --- [http-nio-8888-exec-7] com.zaxxer.hikari.pool.PoolBase          : HikariPool-1 - Failed to validate connection com.mysql.cj.jdbc.ConnectionImpl@3c45a56e (No operations allowed after connection closed.). Possibly consider using a shorter maxLifetime value.
2024-03-29 14:22:38.888  INFO 3988 --- [Thread-5] o.s.s.concurrent.ThreadPoolTaskExecutor  : Shutting down ExecutorService 'applicationTaskExecutor'
2024-03-29 14:22:38.888  INFO 3988 --- [Thread-5] com.zaxxer.hikari.HikariDataSource       : HikariPool-1 - Shutdown initiated...
2024-03-29 14:22:38.891  INFO 3988 --- [Thread-5] com.zaxxer.hikari.HikariDataSource       : HikariPool-1 - Shutdown completed.
2024-03-29 14:22:45.413  INFO 15136 --- [main] com.example.Application                  : Starting Application on PC-202307121658 with PID 15136 (D:\Company\Hammer\New\competition\sprdxsjszhglxthsg4193WECE\target\classes started by Administrator in D:\Company\Hammer\New\competition\sprdxsjszhglxthsg4193WECE)
2024-03-29 14:22:45.415  INFO 15136 --- [main] com.example.Application                  : No active profile set, falling back to default profiles: default
2024-03-29 14:22:45.678  WARN 15136 --- [main] o.m.s.mapper.ClassPathMapperScanner      : No MyBatis mapper was found in '[com.example]' package. Please check your configuration.
2024-03-29 14:22:45.944  INFO 15136 --- [main] o.s.b.w.embedded.tomcat.TomcatWebServer  : Tomcat initialized with port(s): 8888 (http)
2024-03-29 14:22:45.951  INFO 15136 --- [main] o.apache.catalina.core.StandardService   : Starting service [Tomcat]
2024-03-29 14:22:45.951  INFO 15136 --- [main] org.apache.catalina.core.StandardEngine  : Starting Servlet Engine: Apache Tomcat/9.0.12
2024-03-29 14:22:45.954  INFO 15136 --- [main] o.a.catalina.core.AprLifecycleListener   : The APR based Apache Tomcat Native library which allows optimal performance in production environments was not found on the java.library.path: [C:\Program Files\Java\jdk1.8.0_181\bin;C:\Windows\Sun\Java\bin;C:\Windows\system32;C:\Windows;C:\Program Files (x86)\Common Files\Oracle\Java\javapath;C:\Windows\system32;C:\Windows;C:\Windows\System32\Wbem;C:\Windows\System32\WindowsPowerShell\v1.0\;C:\Windows\System32\OpenSSH\;D:\Environment\nodejs\;D:\Environment\Python\Scripts;E:\Git\Git\cmd;E:\Git\bin;E:\wechat_devtools\微信web开发者工具\dll;D:\Environment\Python\Scripts\;D:\Environment\Python\;C:\Users\Administrator\AppData\Local\Microsoft\WindowsApps;;E:\Idea\IntelliJ IDEA 2023.1.4\bin;;C:\Users\Administrator\AppData\Roaming\npm;.]
2024-03-29 14:22:45.991  INFO 15136 --- [main] o.a.c.c.C.[Tomcat].[localhost].[/]       : Initializing Spring embedded WebApplicationContext
2024-03-29 14:22:45.992  INFO 15136 --- [main] o.s.web.context.ContextLoader            : Root WebApplicationContext: initialization completed in 560 ms
2024-03-29 14:22:46.004  INFO 15136 --- [main] o.s.b.w.servlet.ServletRegistrationBean  : Servlet dispatcherServlet mapped to [/]
2024-03-29 14:22:46.006  INFO 15136 --- [main] o.s.b.w.servlet.FilterRegistrationBean   : Mapping filter: 'characterEncodingFilter' to: [/*]
2024-03-29 14:22:46.006  INFO 15136 --- [main] o.s.b.w.servlet.FilterRegistrationBean   : Mapping filter: 'hiddenHttpMethodFilter' to: [/*]
2024-03-29 14:22:46.006  INFO 15136 --- [main] o.s.b.w.servlet.FilterRegistrationBean   : Mapping filter: 'formContentFilter' to: [/*]
2024-03-29 14:22:46.006  INFO 15136 --- [main] o.s.b.w.servlet.FilterRegistrationBean   : Mapping filter: 'requestContextFilter' to: [/*]
2024-03-29 14:22:46.542  INFO 15136 --- [main] o.s.s.concurrent.ThreadPoolTaskExecutor  : Initializing ExecutorService 'applicationTaskExecutor'
2024-03-29 14:22:46.674  INFO 15136 --- [main] o.s.b.w.embedded.tomcat.TomcatWebServer  : Tomcat started on port(s): 8888 (http) with context path ''
2024-03-29 14:22:46.676  INFO 15136 --- [main] com.example.Application                  : Started Application in 1.422 seconds (JVM running for 1.74)
2024-03-29 14:22:54.434  INFO 15136 --- [http-nio-8888-exec-1] o.a.c.c.C.[Tomcat].[localhost].[/]       : Initializing Spring DispatcherServlet 'dispatcherServlet'
2024-03-29 14:22:54.435  INFO 15136 --- [http-nio-8888-exec-1] o.s.web.servlet.DispatcherServlet        : Initializing Servlet 'dispatcherServlet'
2024-03-29 14:22:54.440  INFO 15136 --- [http-nio-8888-exec-1] o.s.web.servlet.DispatcherServlet        : Completed initialization in 5 ms
2024-03-29 14:23:04.901  INFO 15136 --- [http-nio-8888-exec-9] com.zaxxer.hikari.HikariDataSource       : HikariPool-1 - Starting...
2024-03-29 14:23:04.978  INFO 15136 --- [http-nio-8888-exec-9] com.zaxxer.hikari.HikariDataSource       : HikariPool-1 - Start completed.
2024-03-29 14:24:52.683  INFO 15136 --- [Thread-4] o.s.s.concurrent.ThreadPoolTaskExecutor  : Shutting down ExecutorService 'applicationTaskExecutor'
2024-03-29 14:24:52.684  INFO 15136 --- [Thread-4] com.zaxxer.hikari.HikariDataSource       : HikariPool-1 - Shutdown initiated...
2024-03-29 14:24:52.689  INFO 15136 --- [Thread-4] com.zaxxer.hikari.HikariDataSource       : HikariPool-1 - Shutdown completed.
2024-03-29 14:24:56.601  INFO 2124 --- [main] com.example.Application                  : Starting Application on PC-202307121658 with PID 2124 (D:\Company\Hammer\New\competition\sprdxsjszhglxthsg4193WECE\target\classes started by Administrator in D:\Company\Hammer\New\competition\sprdxsjszhglxthsg4193WECE)
2024-03-29 14:24:56.602  INFO 2124 --- [main] com.example.Application                  : No active profile set, falling back to default profiles: default
2024-03-29 14:24:56.876  WARN 2124 --- [main] o.m.s.mapper.ClassPathMapperScanner      : No MyBatis mapper was found in '[com.example]' package. Please check your configuration.
2024-03-29 14:24:57.133  INFO 2124 --- [main] o.s.b.w.embedded.tomcat.TomcatWebServer  : Tomcat initialized with port(s): 8888 (http)
2024-03-29 14:24:57.141  INFO 2124 --- [main] o.apache.catalina.core.StandardService   : Starting service [Tomcat]
2024-03-29 14:24:57.141  INFO 2124 --- [main] org.apache.catalina.core.StandardEngine  : Starting Servlet Engine: Apache Tomcat/9.0.12
2024-03-29 14:24:57.144  INFO 2124 --- [main] o.a.catalina.core.AprLifecycleListener   : The APR based Apache Tomcat Native library which allows optimal performance in production environments was not found on the java.library.path: [C:\Program Files\Java\jdk1.8.0_181\bin;C:\Windows\Sun\Java\bin;C:\Windows\system32;C:\Windows;C:\Program Files (x86)\Common Files\Oracle\Java\javapath;C:\Windows\system32;C:\Windows;C:\Windows\System32\Wbem;C:\Windows\System32\WindowsPowerShell\v1.0\;C:\Windows\System32\OpenSSH\;D:\Environment\nodejs\;D:\Environment\Python\Scripts;E:\Git\Git\cmd;E:\Git\bin;E:\wechat_devtools\微信web开发者工具\dll;D:\Environment\Python\Scripts\;D:\Environment\Python\;C:\Users\Administrator\AppData\Local\Microsoft\WindowsApps;;E:\Idea\IntelliJ IDEA 2023.1.4\bin;;C:\Users\Administrator\AppData\Roaming\npm;.]
2024-03-29 14:24:57.183  INFO 2124 --- [main] o.a.c.c.C.[Tomcat].[localhost].[/]       : Initializing Spring embedded WebApplicationContext
2024-03-29 14:24:57.184  INFO 2124 --- [main] o.s.web.context.ContextLoader            : Root WebApplicationContext: initialization completed in 565 ms
2024-03-29 14:24:57.196  INFO 2124 --- [main] o.s.b.w.servlet.ServletRegistrationBean  : Servlet dispatcherServlet mapped to [/]
2024-03-29 14:24:57.199  INFO 2124 --- [main] o.s.b.w.servlet.FilterRegistrationBean   : Mapping filter: 'characterEncodingFilter' to: [/*]
2024-03-29 14:24:57.199  INFO 2124 --- [main] o.s.b.w.servlet.FilterRegistrationBean   : Mapping filter: 'hiddenHttpMethodFilter' to: [/*]
2024-03-29 14:24:57.199  INFO 2124 --- [main] o.s.b.w.servlet.FilterRegistrationBean   : Mapping filter: 'formContentFilter' to: [/*]
2024-03-29 14:24:57.199  INFO 2124 --- [main] o.s.b.w.servlet.FilterRegistrationBean   : Mapping filter: 'requestContextFilter' to: [/*]
2024-03-29 14:24:57.670  INFO 2124 --- [main] o.s.s.concurrent.ThreadPoolTaskExecutor  : Initializing ExecutorService 'applicationTaskExecutor'
2024-03-29 14:24:57.789  INFO 2124 --- [main] o.s.b.w.embedded.tomcat.TomcatWebServer  : Tomcat started on port(s): 8888 (http) with context path ''
2024-03-29 14:24:57.791  INFO 2124 --- [main] com.example.Application                  : Started Application in 1.343 seconds (JVM running for 1.654)
2024-03-29 14:25:01.644  INFO 2124 --- [http-nio-8888-exec-1] o.a.c.c.C.[Tomcat].[localhost].[/]       : Initializing Spring DispatcherServlet 'dispatcherServlet'
2024-03-29 14:25:01.645  INFO 2124 --- [http-nio-8888-exec-1] o.s.web.servlet.DispatcherServlet        : Initializing Servlet 'dispatcherServlet'
2024-03-29 14:25:01.649  INFO 2124 --- [http-nio-8888-exec-1] o.s.web.servlet.DispatcherServlet        : Completed initialization in 4 ms
2024-03-29 14:25:13.779  INFO 2124 --- [http-nio-8888-exec-8] com.zaxxer.hikari.HikariDataSource       : HikariPool-1 - Starting...
2024-03-29 14:25:13.858  INFO 2124 --- [http-nio-8888-exec-8] com.zaxxer.hikari.HikariDataSource       : HikariPool-1 - Start completed.
2024-03-29 14:27:23.484  WARN 2124 --- [http-nio-8888-exec-9] com.zaxxer.hikari.pool.PoolBase          : HikariPool-1 - Failed to validate connection com.mysql.cj.jdbc.ConnectionImpl@149534b7 (No operations allowed after connection closed.). Possibly consider using a shorter maxLifetime value.
2024-03-29 14:27:24.350  WARN 2124 --- [http-nio-8888-exec-1] com.zaxxer.hikari.pool.PoolBase          : HikariPool-1 - Failed to validate connection com.mysql.cj.jdbc.ConnectionImpl@4ba29b2e (No operations allowed after connection closed.). Possibly consider using a shorter maxLifetime value.
2024-03-29 14:27:24.352  WARN 2124 --- [http-nio-8888-exec-1] com.zaxxer.hikari.pool.PoolBase          : HikariPool-1 - Failed to validate connection com.mysql.cj.jdbc.ConnectionImpl@315bc472 (No operations allowed after connection closed.). Possibly consider using a shorter maxLifetime value.
2024-03-29 14:27:24.353  WARN 2124 --- [http-nio-8888-exec-9] com.zaxxer.hikari.pool.PoolBase          : HikariPool-1 - Failed to validate connection com.mysql.cj.jdbc.ConnectionImpl@28dc5d03 (No operations allowed after connection closed.). Possibly consider using a shorter maxLifetime value.
2024-03-29 14:27:24.354  WARN 2124 --- [http-nio-8888-exec-10] com.zaxxer.hikari.pool.PoolBase          : HikariPool-1 - Failed to validate connection com.mysql.cj.jdbc.ConnectionImpl@44ec2a95 (No operations allowed after connection closed.). Possibly consider using a shorter maxLifetime value.
2024-03-29 14:27:24.353  WARN 2124 --- [http-nio-8888-exec-8] com.zaxxer.hikari.pool.PoolBase          : HikariPool-1 - Failed to validate connection com.mysql.cj.jdbc.ConnectionImpl@2b16e2a7 (No operations allowed after connection closed.). Possibly consider using a shorter maxLifetime value.
2024-03-29 14:27:24.358  WARN 2124 --- [http-nio-8888-exec-8] com.zaxxer.hikari.pool.PoolBase          : HikariPool-1 - Failed to validate connection com.mysql.cj.jdbc.ConnectionImpl@427d8d0f (No operations allowed after connection closed.). Possibly consider using a shorter maxLifetime value.
2024-03-29 14:28:29.588  WARN 2124 --- [http-nio-8888-exec-3] com.zaxxer.hikari.pool.PoolBase          : HikariPool-1 - Failed to validate connection com.mysql.cj.jdbc.ConnectionImpl@52c59d63 (No operations allowed after connection closed.). Possibly consider using a shorter maxLifetime value.
2024-03-29 14:28:33.851  WARN 2124 --- [http-nio-8888-exec-5] com.zaxxer.hikari.pool.PoolBase          : HikariPool-1 - Failed to validate connection com.mysql.cj.jdbc.ConnectionImpl@dab9221 (No operations allowed after connection closed.). Possibly consider using a shorter maxLifetime value.
2024-03-29 14:29:18.526  INFO 2124 --- [Thread-5] o.s.s.concurrent.ThreadPoolTaskExecutor  : Shutting down ExecutorService 'applicationTaskExecutor'
2024-03-29 14:29:18.526  INFO 2124 --- [Thread-5] com.zaxxer.hikari.HikariDataSource       : HikariPool-1 - Shutdown initiated...
2024-03-29 14:29:18.527  INFO 2124 --- [Thread-5] com.zaxxer.hikari.HikariDataSource       : HikariPool-1 - Shutdown completed.
2024-03-29 14:29:28.052  INFO 21160 --- [main] com.example.Application                  : Starting Application on PC-202307121658 with PID 21160 (D:\Company\Hammer\New\competition\sprdxsjszhglxthsg4193WECE\target\classes started by Administrator in D:\Company\Hammer\New\competition\sprdxsjszhglxthsg4193WECE)
2024-03-29 14:29:28.054  INFO 21160 --- [main] com.example.Application                  : No active profile set, falling back to default profiles: default
2024-03-29 14:29:28.324  WARN 21160 --- [main] o.m.s.mapper.ClassPathMapperScanner      : No MyBatis mapper was found in '[com.example]' package. Please check your configuration.
2024-03-29 14:29:28.585  INFO 21160 --- [main] o.s.b.w.embedded.tomcat.TomcatWebServer  : Tomcat initialized with port(s): 8888 (http)
2024-03-29 14:29:28.592  INFO 21160 --- [main] o.apache.catalina.core.StandardService   : Starting service [Tomcat]
2024-03-29 14:29:28.592  INFO 21160 --- [main] org.apache.catalina.core.StandardEngine  : Starting Servlet Engine: Apache Tomcat/9.0.12
2024-03-29 14:29:28.596  INFO 21160 --- [main] o.a.catalina.core.AprLifecycleListener   : The APR based Apache Tomcat Native library which allows optimal performance in production environments was not found on the java.library.path: [C:\Program Files\Java\jdk1.8.0_181\bin;C:\Windows\Sun\Java\bin;C:\Windows\system32;C:\Windows;C:\Program Files (x86)\Common Files\Oracle\Java\javapath;C:\Windows\system32;C:\Windows;C:\Windows\System32\Wbem;C:\Windows\System32\WindowsPowerShell\v1.0\;C:\Windows\System32\OpenSSH\;D:\Environment\nodejs\;D:\Environment\Python\Scripts;E:\Git\Git\cmd;E:\Git\bin;E:\wechat_devtools\微信web开发者工具\dll;D:\Environment\Python\Scripts\;D:\Environment\Python\;C:\Users\Administrator\AppData\Local\Microsoft\WindowsApps;;E:\Idea\IntelliJ IDEA 2023.1.4\bin;;C:\Users\Administrator\AppData\Roaming\npm;.]
2024-03-29 14:29:28.636  INFO 21160 --- [main] o.a.c.c.C.[Tomcat].[localhost].[/]       : Initializing Spring embedded WebApplicationContext
2024-03-29 14:29:28.636  INFO 21160 --- [main] o.s.web.context.ContextLoader            : Root WebApplicationContext: initialization completed in 565 ms
2024-03-29 14:29:28.649  INFO 21160 --- [main] o.s.b.w.servlet.ServletRegistrationBean  : Servlet dispatcherServlet mapped to [/]
2024-03-29 14:29:28.651  INFO 21160 --- [main] o.s.b.w.servlet.FilterRegistrationBean   : Mapping filter: 'characterEncodingFilter' to: [/*]
2024-03-29 14:29:28.652  INFO 21160 --- [main] o.s.b.w.servlet.FilterRegistrationBean   : Mapping filter: 'hiddenHttpMethodFilter' to: [/*]
2024-03-29 14:29:28.652  INFO 21160 --- [main] o.s.b.w.servlet.FilterRegistrationBean   : Mapping filter: 'formContentFilter' to: [/*]
2024-03-29 14:29:28.652  INFO 21160 --- [main] o.s.b.w.servlet.FilterRegistrationBean   : Mapping filter: 'requestContextFilter' to: [/*]
2024-03-29 14:29:29.127  INFO 21160 --- [main] o.s.s.concurrent.ThreadPoolTaskExecutor  : Initializing ExecutorService 'applicationTaskExecutor'
2024-03-29 14:29:29.259  INFO 21160 --- [main] o.s.b.w.embedded.tomcat.TomcatWebServer  : Tomcat started on port(s): 8888 (http) with context path ''
2024-03-29 14:29:29.260  INFO 21160 --- [main] com.example.Application                  : Started Application in 1.363 seconds (JVM running for 1.704)
2024-03-29 14:29:31.608  INFO 21160 --- [http-nio-8888-exec-1] o.a.c.c.C.[Tomcat].[localhost].[/]       : Initializing Spring DispatcherServlet 'dispatcherServlet'
2024-03-29 14:29:31.608  INFO 21160 --- [http-nio-8888-exec-1] o.s.web.servlet.DispatcherServlet        : Initializing Servlet 'dispatcherServlet'
2024-03-29 14:29:31.611  INFO 21160 --- [http-nio-8888-exec-1] o.s.web.servlet.DispatcherServlet        : Completed initialization in 3 ms
2024-03-29 14:29:31.742  INFO 21160 --- [http-nio-8888-exec-1] com.zaxxer.hikari.HikariDataSource       : HikariPool-1 - Starting...
2024-03-29 14:29:31.807  INFO 21160 --- [http-nio-8888-exec-1] com.zaxxer.hikari.HikariDataSource       : HikariPool-1 - Start completed.
2024-03-29 14:30:45.721  INFO 21160 --- [Thread-5] o.s.s.concurrent.ThreadPoolTaskExecutor  : Shutting down ExecutorService 'applicationTaskExecutor'
2024-03-29 14:30:45.722  INFO 21160 --- [Thread-5] com.zaxxer.hikari.HikariDataSource       : HikariPool-1 - Shutdown initiated...
2024-03-29 14:30:45.724  INFO 21160 --- [Thread-5] com.zaxxer.hikari.HikariDataSource       : HikariPool-1 - Shutdown completed.
2024-03-29 14:30:47.934  INFO 11220 --- [main] com.example.Application                  : Starting Application on PC-202307121658 with PID 11220 (D:\Company\Hammer\New\competition\sprdxsjszhglxthsg4193WECE\target\classes started by Administrator in D:\Company\Hammer\New\competition\sprdxsjszhglxthsg4193WECE)
2024-03-29 14:30:47.936  INFO 11220 --- [main] com.example.Application                  : No active profile set, falling back to default profiles: default
2024-03-29 14:30:48.217  WARN 11220 --- [main] o.m.s.mapper.ClassPathMapperScanner      : No MyBatis mapper was found in '[com.example]' package. Please check your configuration.
2024-03-29 14:30:48.484  INFO 11220 --- [main] o.s.b.w.embedded.tomcat.TomcatWebServer  : Tomcat initialized with port(s): 8888 (http)
2024-03-29 14:30:48.491  INFO 11220 --- [main] o.apache.catalina.core.StandardService   : Starting service [Tomcat]
2024-03-29 14:30:48.491  INFO 11220 --- [main] org.apache.catalina.core.StandardEngine  : Starting Servlet Engine: Apache Tomcat/9.0.12
2024-03-29 14:30:48.495  INFO 11220 --- [main] o.a.catalina.core.AprLifecycleListener   : The APR based Apache Tomcat Native library which allows optimal performance in production environments was not found on the java.library.path: [C:\Program Files\Java\jdk1.8.0_181\bin;C:\Windows\Sun\Java\bin;C:\Windows\system32;C:\Windows;C:\Program Files (x86)\Common Files\Oracle\Java\javapath;C:\Windows\system32;C:\Windows;C:\Windows\System32\Wbem;C:\Windows\System32\WindowsPowerShell\v1.0\;C:\Windows\System32\OpenSSH\;D:\Environment\nodejs\;D:\Environment\Python\Scripts;E:\Git\Git\cmd;E:\Git\bin;E:\wechat_devtools\微信web开发者工具\dll;D:\Environment\Python\Scripts\;D:\Environment\Python\;C:\Users\Administrator\AppData\Local\Microsoft\WindowsApps;;E:\Idea\IntelliJ IDEA 2023.1.4\bin;;C:\Users\Administrator\AppData\Roaming\npm;.]
2024-03-29 14:30:48.534  INFO 11220 --- [main] o.a.c.c.C.[Tomcat].[localhost].[/]       : Initializing Spring embedded WebApplicationContext
2024-03-29 14:30:48.534  INFO 11220 --- [main] o.s.web.context.ContextLoader            : Root WebApplicationContext: initialization completed in 580 ms
2024-03-29 14:30:48.546  INFO 11220 --- [main] o.s.b.w.servlet.ServletRegistrationBean  : Servlet dispatcherServlet mapped to [/]
2024-03-29 14:30:48.548  INFO 11220 --- [main] o.s.b.w.servlet.FilterRegistrationBean   : Mapping filter: 'characterEncodingFilter' to: [/*]
2024-03-29 14:30:48.549  INFO 11220 --- [main] o.s.b.w.servlet.FilterRegistrationBean   : Mapping filter: 'hiddenHttpMethodFilter' to: [/*]
2024-03-29 14:30:48.549  INFO 11220 --- [main] o.s.b.w.servlet.FilterRegistrationBean   : Mapping filter: 'formContentFilter' to: [/*]
2024-03-29 14:30:48.549  INFO 11220 --- [main] o.s.b.w.servlet.FilterRegistrationBean   : Mapping filter: 'requestContextFilter' to: [/*]
2024-03-29 14:30:49.035  INFO 11220 --- [main] o.s.s.concurrent.ThreadPoolTaskExecutor  : Initializing ExecutorService 'applicationTaskExecutor'
2024-03-29 14:30:49.165  INFO 11220 --- [main] o.s.b.w.embedded.tomcat.TomcatWebServer  : Tomcat started on port(s): 8888 (http) with context path ''
2024-03-29 14:30:49.166  INFO 11220 --- [main] com.example.Application                  : Started Application in 1.398 seconds (JVM running for 1.709)
2024-03-29 14:31:33.398  INFO 11220 --- [Thread-5] o.s.s.concurrent.ThreadPoolTaskExecutor  : Shutting down ExecutorService 'applicationTaskExecutor'
2024-03-29 14:31:35.528  INFO 17604 --- [main] com.example.Application                  : Starting Application on PC-202307121658 with PID 17604 (D:\Company\Hammer\New\competition\sprdxsjszhglxthsg4193WECE\target\classes started by Administrator in D:\Company\Hammer\New\competition\sprdxsjszhglxthsg4193WECE)
2024-03-29 14:31:35.530  INFO 17604 --- [main] com.example.Application                  : No active profile set, falling back to default profiles: default
2024-03-29 14:31:35.807  WARN 17604 --- [main] o.m.s.mapper.ClassPathMapperScanner      : No MyBatis mapper was found in '[com.example]' package. Please check your configuration.
2024-03-29 14:31:36.061  INFO 17604 --- [main] o.s.b.w.embedded.tomcat.TomcatWebServer  : Tomcat initialized with port(s): 8888 (http)
2024-03-29 14:31:36.069  INFO 17604 --- [main] o.apache.catalina.core.StandardService   : Starting service [Tomcat]
2024-03-29 14:31:36.069  INFO 17604 --- [main] org.apache.catalina.core.StandardEngine  : Starting Servlet Engine: Apache Tomcat/9.0.12
2024-03-29 14:31:36.072  INFO 17604 --- [main] o.a.catalina.core.AprLifecycleListener   : The APR based Apache Tomcat Native library which allows optimal performance in production environments was not found on the java.library.path: [C:\Program Files\Java\jdk1.8.0_181\bin;C:\Windows\Sun\Java\bin;C:\Windows\system32;C:\Windows;C:\Program Files (x86)\Common Files\Oracle\Java\javapath;C:\Windows\system32;C:\Windows;C:\Windows\System32\Wbem;C:\Windows\System32\WindowsPowerShell\v1.0\;C:\Windows\System32\OpenSSH\;D:\Environment\nodejs\;D:\Environment\Python\Scripts;E:\Git\Git\cmd;E:\Git\bin;E:\wechat_devtools\微信web开发者工具\dll;D:\Environment\Python\Scripts\;D:\Environment\Python\;C:\Users\Administrator\AppData\Local\Microsoft\WindowsApps;;E:\Idea\IntelliJ IDEA 2023.1.4\bin;;C:\Users\Administrator\AppData\Roaming\npm;.]
2024-03-29 14:31:36.111  INFO 17604 --- [main] o.a.c.c.C.[Tomcat].[localhost].[/]       : Initializing Spring embedded WebApplicationContext
2024-03-29 14:31:36.111  INFO 17604 --- [main] o.s.web.context.ContextLoader            : Root WebApplicationContext: initialization completed in 565 ms
2024-03-29 14:31:36.123  INFO 17604 --- [main] o.s.b.w.servlet.ServletRegistrationBean  : Servlet dispatcherServlet mapped to [/]
2024-03-29 14:31:36.126  INFO 17604 --- [main] o.s.b.w.servlet.FilterRegistrationBean   : Mapping filter: 'characterEncodingFilter' to: [/*]
2024-03-29 14:31:36.126  INFO 17604 --- [main] o.s.b.w.servlet.FilterRegistrationBean   : Mapping filter: 'hiddenHttpMethodFilter' to: [/*]
2024-03-29 14:31:36.126  INFO 17604 --- [main] o.s.b.w.servlet.FilterRegistrationBean   : Mapping filter: 'formContentFilter' to: [/*]
2024-03-29 14:31:36.126  INFO 17604 --- [main] o.s.b.w.servlet.FilterRegistrationBean   : Mapping filter: 'requestContextFilter' to: [/*]
2024-03-29 14:31:36.598  INFO 17604 --- [main] o.s.s.concurrent.ThreadPoolTaskExecutor  : Initializing ExecutorService 'applicationTaskExecutor'
2024-03-29 14:31:36.723  INFO 17604 --- [main] o.s.b.w.embedded.tomcat.TomcatWebServer  : Tomcat started on port(s): 8888 (http) with context path ''
2024-03-29 14:31:36.725  INFO 17604 --- [main] com.example.Application                  : Started Application in 1.352 seconds (JVM running for 1.664)
2024-03-29 14:31:40.562  INFO 17604 --- [http-nio-8888-exec-1] o.a.c.c.C.[Tomcat].[localhost].[/]       : Initializing Spring DispatcherServlet 'dispatcherServlet'
2024-03-29 14:31:40.562  INFO 17604 --- [http-nio-8888-exec-1] o.s.web.servlet.DispatcherServlet        : Initializing Servlet 'dispatcherServlet'
2024-03-29 14:31:40.565  INFO 17604 --- [http-nio-8888-exec-1] o.s.web.servlet.DispatcherServlet        : Completed initialization in 3 ms
2024-03-29 14:31:40.700  INFO 17604 --- [http-nio-8888-exec-10] com.zaxxer.hikari.HikariDataSource       : HikariPool-1 - Starting...
2024-03-29 14:31:40.755  INFO 17604 --- [http-nio-8888-exec-10] com.zaxxer.hikari.HikariDataSource       : HikariPool-1 - Start completed.
2024-03-29 14:32:08.420  INFO 17604 --- [Thread-5] o.s.s.concurrent.ThreadPoolTaskExecutor  : Shutting down ExecutorService 'applicationTaskExecutor'
2024-03-29 14:32:08.420  INFO 17604 --- [Thread-5] com.zaxxer.hikari.HikariDataSource       : HikariPool-1 - Shutdown initiated...
2024-03-29 14:32:08.423  INFO 17604 --- [Thread-5] com.zaxxer.hikari.HikariDataSource       : HikariPool-1 - Shutdown completed.
2024-03-29 14:32:09.865  INFO 17276 --- [main] com.example.Application                  : Starting Application on PC-202307121658 with PID 17276 (D:\Company\Hammer\New\competition\sprdxsjszhglxthsg4193WECE\target\classes started by Administrator in D:\Company\Hammer\New\competition\sprdxsjszhglxthsg4193WECE)
2024-03-29 14:32:09.867  INFO 17276 --- [main] com.example.Application                  : No active profile set, falling back to default profiles: default
2024-03-29 14:32:10.165  WARN 17276 --- [main] o.m.s.mapper.ClassPathMapperScanner      : No MyBatis mapper was found in '[com.example]' package. Please check your configuration.
2024-03-29 14:32:10.421  INFO 17276 --- [main] o.s.b.w.embedded.tomcat.TomcatWebServer  : Tomcat initialized with port(s): 8888 (http)
2024-03-29 14:32:10.429  INFO 17276 --- [main] o.apache.catalina.core.StandardService   : Starting service [Tomcat]
2024-03-29 14:32:10.429  INFO 17276 --- [main] org.apache.catalina.core.StandardEngine  : Starting Servlet Engine: Apache Tomcat/9.0.12
2024-03-29 14:32:10.432  INFO 17276 --- [main] o.a.catalina.core.AprLifecycleListener   : The APR based Apache Tomcat Native library which allows optimal performance in production environments was not found on the java.library.path: [C:\Program Files\Java\jdk1.8.0_181\bin;C:\Windows\Sun\Java\bin;C:\Windows\system32;C:\Windows;C:\Program Files (x86)\Common Files\Oracle\Java\javapath;C:\Windows\system32;C:\Windows;C:\Windows\System32\Wbem;C:\Windows\System32\WindowsPowerShell\v1.0\;C:\Windows\System32\OpenSSH\;D:\Environment\nodejs\;D:\Environment\Python\Scripts;E:\Git\Git\cmd;E:\Git\bin;E:\wechat_devtools\微信web开发者工具\dll;D:\Environment\Python\Scripts\;D:\Environment\Python\;C:\Users\Administrator\AppData\Local\Microsoft\WindowsApps;;E:\Idea\IntelliJ IDEA 2023.1.4\bin;;C:\Users\Administrator\AppData\Roaming\npm;.]
2024-03-29 14:32:10.472  INFO 17276 --- [main] o.a.c.c.C.[Tomcat].[localhost].[/]       : Initializing Spring embedded WebApplicationContext
2024-03-29 14:32:10.472  INFO 17276 --- [main] o.s.web.context.ContextLoader            : Root WebApplicationContext: initialization completed in 583 ms
2024-03-29 14:32:10.485  INFO 17276 --- [main] o.s.b.w.servlet.ServletRegistrationBean  : Servlet dispatcherServlet mapped to [/]
2024-03-29 14:32:10.487  INFO 17276 --- [main] o.s.b.w.servlet.FilterRegistrationBean   : Mapping filter: 'characterEncodingFilter' to: [/*]
2024-03-29 14:32:10.487  INFO 17276 --- [main] o.s.b.w.servlet.FilterRegistrationBean   : Mapping filter: 'hiddenHttpMethodFilter' to: [/*]
2024-03-29 14:32:10.487  INFO 17276 --- [main] o.s.b.w.servlet.FilterRegistrationBean   : Mapping filter: 'formContentFilter' to: [/*]
2024-03-29 14:32:10.487  INFO 17276 --- [main] o.s.b.w.servlet.FilterRegistrationBean   : Mapping filter: 'requestContextFilter' to: [/*]
2024-03-29 14:32:11.009  INFO 17276 --- [main] o.s.s.concurrent.ThreadPoolTaskExecutor  : Initializing ExecutorService 'applicationTaskExecutor'
2024-03-29 14:32:11.133  INFO 17276 --- [main] o.s.b.w.embedded.tomcat.TomcatWebServer  : Tomcat started on port(s): 8888 (http) with context path ''
2024-03-29 14:32:11.135  INFO 17276 --- [main] com.example.Application                  : Started Application in 1.478 seconds (JVM running for 1.79)
2024-03-29 14:32:23.469  INFO 17276 --- [Thread-4] o.s.s.concurrent.ThreadPoolTaskExecutor  : Shutting down ExecutorService 'applicationTaskExecutor'
2024-03-29 14:32:25.331  INFO 21476 --- [main] com.example.Application                  : Starting Application on PC-202307121658 with PID 21476 (D:\Company\Hammer\New\competition\sprdxsjszhglxthsg4193WECE\target\classes started by Administrator in D:\Company\Hammer\New\competition\sprdxsjszhglxthsg4193WECE)
2024-03-29 14:32:25.333  INFO 21476 --- [main] com.example.Application                  : No active profile set, falling back to default profiles: default
2024-03-29 14:32:25.606  WARN 21476 --- [main] o.m.s.mapper.ClassPathMapperScanner      : No MyBatis mapper was found in '[com.example]' package. Please check your configuration.
2024-03-29 14:32:25.860  INFO 21476 --- [main] o.s.b.w.embedded.tomcat.TomcatWebServer  : Tomcat initialized with port(s): 8888 (http)
2024-03-29 14:32:25.868  INFO 21476 --- [main] o.apache.catalina.core.StandardService   : Starting service [Tomcat]
2024-03-29 14:32:25.868  INFO 21476 --- [main] org.apache.catalina.core.StandardEngine  : Starting Servlet Engine: Apache Tomcat/9.0.12
2024-03-29 14:32:25.871  INFO 21476 --- [main] o.a.catalina.core.AprLifecycleListener   : The APR based Apache Tomcat Native library which allows optimal performance in production environments was not found on the java.library.path: [C:\Program Files\Java\jdk1.8.0_181\bin;C:\Windows\Sun\Java\bin;C:\Windows\system32;C:\Windows;C:\Program Files (x86)\Common Files\Oracle\Java\javapath;C:\Windows\system32;C:\Windows;C:\Windows\System32\Wbem;C:\Windows\System32\WindowsPowerShell\v1.0\;C:\Windows\System32\OpenSSH\;D:\Environment\nodejs\;D:\Environment\Python\Scripts;E:\Git\Git\cmd;E:\Git\bin;E:\wechat_devtools\微信web开发者工具\dll;D:\Environment\Python\Scripts\;D:\Environment\Python\;C:\Users\Administrator\AppData\Local\Microsoft\WindowsApps;;E:\Idea\IntelliJ IDEA 2023.1.4\bin;;C:\Users\Administrator\AppData\Roaming\npm;.]
2024-03-29 14:32:25.909  INFO 21476 --- [main] o.a.c.c.C.[Tomcat].[localhost].[/]       : Initializing Spring embedded WebApplicationContext
2024-03-29 14:32:25.909  INFO 21476 --- [main] o.s.web.context.ContextLoader            : Root WebApplicationContext: initialization completed in 560 ms
2024-03-29 14:32:25.921  INFO 21476 --- [main] o.s.b.w.servlet.ServletRegistrationBean  : Servlet dispatcherServlet mapped to [/]
2024-03-29 14:32:25.923  INFO 21476 --- [main] o.s.b.w.servlet.FilterRegistrationBean   : Mapping filter: 'characterEncodingFilter' to: [/*]
2024-03-29 14:32:25.923  INFO 21476 --- [main] o.s.b.w.servlet.FilterRegistrationBean   : Mapping filter: 'hiddenHttpMethodFilter' to: [/*]
2024-03-29 14:32:25.923  INFO 21476 --- [main] o.s.b.w.servlet.FilterRegistrationBean   : Mapping filter: 'formContentFilter' to: [/*]
2024-03-29 14:32:25.923  INFO 21476 --- [main] o.s.b.w.servlet.FilterRegistrationBean   : Mapping filter: 'requestContextFilter' to: [/*]
2024-03-29 14:32:26.440  INFO 21476 --- [main] o.s.s.concurrent.ThreadPoolTaskExecutor  : Initializing ExecutorService 'applicationTaskExecutor'
2024-03-29 14:32:26.565  INFO 21476 --- [main] o.s.b.w.embedded.tomcat.TomcatWebServer  : Tomcat started on port(s): 8888 (http) with context path ''
2024-03-29 14:32:26.566  INFO 21476 --- [main] com.example.Application                  : Started Application in 1.393 seconds (JVM running for 1.694)
2024-03-29 14:32:30.203  INFO 21476 --- [http-nio-8888-exec-1] o.a.c.c.C.[Tomcat].[localhost].[/]       : Initializing Spring DispatcherServlet 'dispatcherServlet'
2024-03-29 14:32:30.203  INFO 21476 --- [http-nio-8888-exec-1] o.s.web.servlet.DispatcherServlet        : Initializing Servlet 'dispatcherServlet'
2024-03-29 14:32:30.207  INFO 21476 --- [http-nio-8888-exec-1] o.s.web.servlet.DispatcherServlet        : Completed initialization in 4 ms
2024-03-29 14:32:30.349  INFO 21476 --- [http-nio-8888-exec-5] com.zaxxer.hikari.HikariDataSource       : HikariPool-1 - Starting...
2024-03-29 14:32:30.401  INFO 21476 --- [http-nio-8888-exec-5] com.zaxxer.hikari.HikariDataSource       : HikariPool-1 - Start completed.
2024-03-29 14:36:19.089  WARN 21476 --- [http-nio-8888-exec-1] com.zaxxer.hikari.pool.PoolBase          : HikariPool-1 - Failed to validate connection com.mysql.cj.jdbc.ConnectionImpl@16b8d285 (No operations allowed after connection closed.). Possibly consider using a shorter maxLifetime value.
2024-03-29 14:36:26.185  WARN 21476 --- [http-nio-8888-exec-9] com.zaxxer.hikari.pool.PoolBase          : HikariPool-1 - Failed to validate connection com.mysql.cj.jdbc.ConnectionImpl@7115446 (No operations allowed after connection closed.). Possibly consider using a shorter maxLifetime value.
2024-03-29 14:36:30.965  WARN 21476 --- [http-nio-8888-exec-7] com.zaxxer.hikari.pool.PoolBase          : HikariPool-1 - Failed to validate connection com.mysql.cj.jdbc.ConnectionImpl@1ecbd72c (No operations allowed after connection closed.). Possibly consider using a shorter maxLifetime value.
2024-03-29 14:36:56.771  WARN 21476 --- [http-nio-8888-exec-7] com.zaxxer.hikari.pool.PoolBase          : HikariPool-1 - Failed to validate connection com.mysql.cj.jdbc.ConnectionImpl@248ab086 (No operations allowed after connection closed.). Possibly consider using a shorter maxLifetime value.
2024-03-29 14:36:56.772  WARN 21476 --- [http-nio-8888-exec-7] com.zaxxer.hikari.pool.PoolBase          : HikariPool-1 - Failed to validate connection com.mysql.cj.jdbc.ConnectionImpl@79246a5f (No operations allowed after connection closed.). Possibly consider using a shorter maxLifetime value.
2024-03-29 14:36:58.085  WARN 21476 --- [http-nio-8888-exec-5] com.zaxxer.hikari.pool.PoolBase          : HikariPool-1 - Failed to validate connection com.mysql.cj.jdbc.ConnectionImpl@2487c9a6 (No operations allowed after connection closed.). Possibly consider using a shorter maxLifetime value.
2024-03-29 14:37:00.981  WARN 21476 --- [http-nio-8888-exec-7] com.zaxxer.hikari.pool.PoolBase          : HikariPool-1 - Failed to validate connection com.mysql.cj.jdbc.ConnectionImpl@2f082d90 (No operations allowed after connection closed.). Possibly consider using a shorter maxLifetime value.
2024-03-29 14:37:00.984  WARN 21476 --- [http-nio-8888-exec-7] com.zaxxer.hikari.pool.PoolBase          : HikariPool-1 - Failed to validate connection com.mysql.cj.jdbc.ConnectionImpl@146782a9 (No operations allowed after connection closed.). Possibly consider using a shorter maxLifetime value.
2024-03-29 14:48:23.523  WARN 21476 --- [http-nio-8888-exec-10] com.zaxxer.hikari.pool.PoolBase          : HikariPool-1 - Failed to validate connection com.mysql.cj.jdbc.ConnectionImpl@39ce55bf (No operations allowed after connection closed.). Possibly consider using a shorter maxLifetime value.
2024-03-29 14:48:23.525  WARN 21476 --- [http-nio-8888-exec-10] com.zaxxer.hikari.pool.PoolBase          : HikariPool-1 - Failed to validate connection com.mysql.cj.jdbc.ConnectionImpl@18c0a763 (No operations allowed after connection closed.). Possibly consider using a shorter maxLifetime value.
2024-03-29 14:48:23.527  WARN 21476 --- [http-nio-8888-exec-10] com.zaxxer.hikari.pool.PoolBase          : HikariPool-1 - Failed to validate connection com.mysql.cj.jdbc.ConnectionImpl@37707f3 (No operations allowed after connection closed.). Possibly consider using a shorter maxLifetime value.
2024-03-29 14:48:23.528  WARN 21476 --- [http-nio-8888-exec-10] com.zaxxer.hikari.pool.PoolBase          : HikariPool-1 - Failed to validate connection com.mysql.cj.jdbc.ConnectionImpl@48dfd98f (No operations allowed after connection closed.). Possibly consider using a shorter maxLifetime value.
2024-03-29 14:48:23.530  WARN 21476 --- [http-nio-8888-exec-10] com.zaxxer.hikari.pool.PoolBase          : HikariPool-1 - Failed to validate connection com.mysql.cj.jdbc.ConnectionImpl@5b0cf44 (No operations allowed after connection closed.). Possibly consider using a shorter maxLifetime value.
2024-03-29 14:48:23.531  WARN 21476 --- [http-nio-8888-exec-10] com.zaxxer.hikari.pool.PoolBase          : HikariPool-1 - Failed to validate connection com.mysql.cj.jdbc.ConnectionImpl@18568b2e (No operations allowed after connection closed.). Possibly consider using a shorter maxLifetime value.
2024-03-29 14:48:23.533  WARN 21476 --- [http-nio-8888-exec-10] com.zaxxer.hikari.pool.PoolBase          : HikariPool-1 - Failed to validate connection com.mysql.cj.jdbc.ConnectionImpl@23255f48 (No operations allowed after connection closed.). Possibly consider using a shorter maxLifetime value.
2024-03-29 14:48:23.535  WARN 21476 --- [http-nio-8888-exec-10] com.zaxxer.hikari.pool.PoolBase          : HikariPool-1 - Failed to validate connection com.mysql.cj.jdbc.ConnectionImpl@3a6a2815 (No operations allowed after connection closed.). Possibly consider using a shorter maxLifetime value.
2024-03-29 14:48:23.536  WARN 21476 --- [http-nio-8888-exec-10] com.zaxxer.hikari.pool.PoolBase          : HikariPool-1 - Failed to validate connection com.mysql.cj.jdbc.ConnectionImpl@33bcff0f (No operations allowed after connection closed.). Possibly consider using a shorter maxLifetime value.
2024-03-29 14:48:23.536  WARN 21476 --- [http-nio-8888-exec-10] com.zaxxer.hikari.pool.PoolBase          : HikariPool-1 - Failed to validate connection com.mysql.cj.jdbc.ConnectionImpl@21e6d883 (No operations allowed after connection closed.). Possibly consider using a shorter maxLifetime value.
2024-03-29 15:13:43.691  WARN 21476 --- [http-nio-8888-exec-10] com.zaxxer.hikari.pool.PoolBase          : HikariPool-1 - Failed to validate connection com.mysql.cj.jdbc.ConnectionImpl@465687d5 (No operations allowed after connection closed.). Possibly consider using a shorter maxLifetime value.
2024-03-29 15:13:43.692  WARN 21476 --- [http-nio-8888-exec-10] com.zaxxer.hikari.pool.PoolBase          : HikariPool-1 - Failed to validate connection com.mysql.cj.jdbc.ConnectionImpl@173f0eb3 (No operations allowed after connection closed.). Possibly consider using a shorter maxLifetime value.
2024-03-29 15:13:43.693  WARN 21476 --- [http-nio-8888-exec-10] com.zaxxer.hikari.pool.PoolBase          : HikariPool-1 - Failed to validate connection com.mysql.cj.jdbc.ConnectionImpl@376914bf (No operations allowed after connection closed.). Possibly consider using a shorter maxLifetime value.
2024-03-29 15:13:43.693  WARN 21476 --- [http-nio-8888-exec-10] com.zaxxer.hikari.pool.PoolBase          : HikariPool-1 - Failed to validate connection com.mysql.cj.jdbc.ConnectionImpl@457355a8 (No operations allowed after connection closed.). Possibly consider using a shorter maxLifetime value.
2024-03-29 15:13:43.694  WARN 21476 --- [http-nio-8888-exec-10] com.zaxxer.hikari.pool.PoolBase          : HikariPool-1 - Failed to validate connection com.mysql.cj.jdbc.ConnectionImpl@f3049c7 (No operations allowed after connection closed.). Possibly consider using a shorter maxLifetime value.
2024-03-29 15:13:43.694  WARN 21476 --- [http-nio-8888-exec-10] com.zaxxer.hikari.pool.PoolBase          : HikariPool-1 - Failed to validate connection com.mysql.cj.jdbc.ConnectionImpl@60158404 (No operations allowed after connection closed.). Possibly consider using a shorter maxLifetime value.
2024-03-29 15:13:43.694  WARN 21476 --- [http-nio-8888-exec-10] com.zaxxer.hikari.pool.PoolBase          : HikariPool-1 - Failed to validate connection com.mysql.cj.jdbc.ConnectionImpl@1fa6b855 (No operations allowed after connection closed.). Possibly consider using a shorter maxLifetime value.
2024-03-29 15:13:43.694  WARN 21476 --- [http-nio-8888-exec-10] com.zaxxer.hikari.pool.PoolBase          : HikariPool-1 - Failed to validate connection com.mysql.cj.jdbc.ConnectionImpl@40a7601c (No operations allowed after connection closed.). Possibly consider using a shorter maxLifetime value.
2024-03-29 15:13:43.695  WARN 21476 --- [http-nio-8888-exec-10] com.zaxxer.hikari.pool.PoolBase          : HikariPool-1 - Failed to validate connection com.mysql.cj.jdbc.ConnectionImpl@4dd467be (No operations allowed after connection closed.). Possibly consider using a shorter maxLifetime value.
2024-03-29 15:13:43.695  WARN 21476 --- [http-nio-8888-exec-10] com.zaxxer.hikari.pool.PoolBase          : HikariPool-1 - Failed to validate connection com.mysql.cj.jdbc.ConnectionImpl@1adffa4 (No operations allowed after connection closed.). Possibly consider using a shorter maxLifetime value.
2024-03-29 15:17:46.248  WARN 21476 --- [http-nio-8888-exec-9] com.zaxxer.hikari.pool.PoolBase          : HikariPool-1 - Failed to validate connection com.mysql.cj.jdbc.ConnectionImpl@562d00de (No operations allowed after connection closed.). Possibly consider using a shorter maxLifetime value.
2024-03-29 15:19:59.962  WARN 21476 --- [http-nio-8888-exec-8] com.zaxxer.hikari.pool.PoolBase          : HikariPool-1 - Failed to validate connection com.mysql.cj.jdbc.ConnectionImpl@2cc49902 (No operations allowed after connection closed.). Possibly consider using a shorter maxLifetime value.
2024-03-29 15:20:26.384  WARN 21476 --- [http-nio-8888-exec-9] com.zaxxer.hikari.pool.PoolBase          : HikariPool-1 - Failed to validate connection com.mysql.cj.jdbc.ConnectionImpl@118bd337 (No operations allowed after connection closed.). Possibly consider using a shorter maxLifetime value.
2024-03-29 15:20:26.384  WARN 21476 --- [http-nio-8888-exec-8] com.zaxxer.hikari.pool.PoolBase          : HikariPool-1 - Failed to validate connection com.mysql.cj.jdbc.ConnectionImpl@4d2a458e (No operations allowed after connection closed.). Possibly consider using a shorter maxLifetime value.
